<?xml version="1.0" encoding="UTF-8"?>
<!-- Generated by org.testng.reporters.JUnitReportReporter -->
<testsuite hostname="Madhan-21" failures="0" tests="7" name="org.test.Example" time="0.014" errors="0" timestamp="2023-03-30T16:46:10 IST" skipped="0">
  <testcase classname="org.test.Example" name="tc79" time="0.002"/>
  <system-out/>
  <testcase classname="org.test.Example" name="tc73" time="0.001"/>
  <system-out/>
  <testcase classname="org.test.Example" name="tc75" time="0.007"/>
  <system-out/>
  <testcase classname="org.test.Example" name="tc83" time="0.001"/>
  <system-out/>
  <testcase classname="org.test.Example" name="tc70" time="0.001"/>
  <system-out/>
  <testcase classname="org.test.Example" name="tc81" time="0.001"/>
  <system-out/>
  <testcase classname="org.test.Example" name="tc77" time="0.001"/>
  <system-out/>
</testsuite> <!-- org.test.Example -->
