<?xml version="1.0" encoding="UTF-8"?>
<!-- Generated by org.testng.reporters.JUnitReportReporter -->
<testsuite hostname="Madhan-21" failures="0" tests="3" name="org.test.A" time="0.003" errors="0" timestamp="2023-03-30T16:46:10 IST" skipped="0">
  <testcase classname="org.test.A" name="tc60" time="0.001"/>
  <system-out/>
  <testcase classname="org.test.A" name="tc64" time="0.001"/>
  <system-out/>
  <testcase classname="org.test.A" name="tc62" time="0.001"/>
  <system-out/>
</testsuite> <!-- org.test.A -->
