<?xml version="1.0" encoding="UTF-8"?>
<!-- Generated by org.testng.reporters.JUnitReportReporter -->
<testsuite hostname="Madhan-21" failures="0" tests="3" name="org.tes.CrossBrowser" time="31.755" errors="0" timestamp="2023-04-04T12:41:54 IST" skipped="0">
  <testcase classname="org.tes.CrossBrowser" name="tc1" time="14.349"/>
  <system-out/>
  <testcase classname="org.tes.CrossBrowser" name="tc1" time="8.598"/>
  <system-out/>
  <testcase classname="org.tes.CrossBrowser" name="tc1" time="8.808"/>
  <system-out/>
</testsuite> <!-- org.tes.CrossBrowser -->
