<?xml version="1.0" encoding="UTF-8"?>
<!-- Generated by org.testng.reporters.JUnitReportReporter -->
<testsuite hostname="Madhan-21" failures="0" tests="6" name="org.test.SampleProject" time="21.743" errors="0" timestamp="2023-03-31T12:47:32 IST" skipped="0">
  <testcase classname="org.test.SampleProject" name="tc30" time="2.800"/>
  <system-out/>
  <testcase classname="org.test.SampleProject" name="tc40" time="3.450"/>
  <system-out/>
  <testcase classname="org.test.SampleProject" name="tc40" time="5.073"/>
  <system-out/>
  <testcase classname="org.test.SampleProject" name="tc35" time="2.107"/>
  <system-out/>
  <testcase classname="org.test.SampleProject" name="tc40" time="3.528"/>
  <system-out/>
  <testcase classname="org.test.SampleProject" name="tc40" time="4.785"/>
  <system-out/>
</testsuite> <!-- org.test.SampleProject -->
